<?xml version="1.0" encoding="UTF-8"?>
<testng-results total="2" passed="2" failed="0" skipped="0">
  <reporter-output>
  </reporter-output>
  <suite started-at="2022-11-08T13:29:14Z" name="Default suite" finished-at="2022-11-08T13:31:01Z" duration-ms="107660">
    <groups>
      <group name="cucumber">
        <method signature="AbstractTestNGCucumberTests.runScenario(io.cucumber.testng.PickleWrapper, io.cucumber.testng.FeatureWrapper)[pri:0, instance:test_runner.test_runner@457c9034]" name="runScenario" class="io.cucumber.testng.AbstractTestNGCucumberTests"/>
      </group> <!-- cucumber -->
    </groups>
    <test started-at="2022-11-08T13:29:14Z" name="Default test" finished-at="2022-11-08T13:31:01Z" duration-ms="107660">
      <class name="test_runner.test_runner">
        <test-method is-config="true" signature="setUpClass(org.testng.ITestContext)[pri:0, instance:test_runner.test_runner@457c9034]" started-at="2022-11-08T18:59:14Z" name="setUpClass" finished-at="2022-11-08T18:59:17Z" duration-ms="3833" status="PASS">
          <params>
            <param index="0">
              <value>
                <![CDATA[org.testng.TestRunner@326e0b8e]]>
              </value>
            </param>
          </params>
          <reporter-output>
          </reporter-output>
        </test-method> <!-- setUpClass -->
        <test-method signature="runScenario(io.cucumber.testng.PickleWrapper, io.cucumber.testng.FeatureWrapper)[pri:0, instance:test_runner.test_runner@457c9034]" started-at="2022-11-08T18:59:18Z" name="runScenario" description="Runs Cucumber Scenarios" data-provider="scenarios" finished-at="2022-11-08T19:00:17Z" duration-ms="59493" status="PASS">
          <params>
            <param index="0">
              <value>
                <![CDATA["To  login with multiple data"]]>
              </value>
            </param>
            <param index="1">
              <value>
                <![CDATA["Optional[Testing guru99 login]"]]>
              </value>
            </param>
          </params>
          <reporter-output>
          </reporter-output>
        </test-method> <!-- runScenario -->
        <test-method signature="runScenario(io.cucumber.testng.PickleWrapper, io.cucumber.testng.FeatureWrapper)[pri:0, instance:test_runner.test_runner@457c9034]" started-at="2022-11-08T19:00:17Z" name="runScenario" description="Runs Cucumber Scenarios" data-provider="scenarios" finished-at="2022-11-08T19:01:01Z" duration-ms="43866" status="PASS">
          <params>
            <param index="0">
              <value>
                <![CDATA["To  login with multiple data"]]>
              </value>
            </param>
            <param index="1">
              <value>
                <![CDATA["Optional[Testing guru99 login]"]]>
              </value>
            </param>
          </params>
          <reporter-output>
          </reporter-output>
        </test-method> <!-- runScenario -->
        <test-method is-config="true" signature="tearDownClass()[pri:0, instance:test_runner.test_runner@457c9034]" started-at="2022-11-08T19:01:01Z" name="tearDownClass" finished-at="2022-11-08T19:01:01Z" duration-ms="280" status="PASS">
          <reporter-output>
          </reporter-output>
        </test-method> <!-- tearDownClass -->
      </class> <!-- test_runner.test_runner -->
    </test> <!-- Default test -->
  </suite> <!-- Default suite -->
</testng-results>
